0 info it worked if it ends with ok
1 verbose cli [ '/usr/bin/node',
1 verbose cli   '/usr/share/npm/bin/npm-cli.js',
1 verbose cli   'run',
1 verbose cli   'build:prod',
1 verbose cli   '--scripts-prepend-node-path=auto' ]
2 info using npm@3.5.2
3 info using node@v8.10.0
4 verbose run-script [ 'prebuild:prod', 'build:prod', 'postbuild:prod' ]
5 info lifecycle sportorg@0.0.1~prebuild:prod: sportorg@0.0.1
6 silly lifecycle sportorg@0.0.1~prebuild:prod: no script for prebuild:prod, continuing
7 info lifecycle sportorg@0.0.1~build:prod: sportorg@0.0.1
8 verbose lifecycle sportorg@0.0.1~build:prod: unsafe-perm in lifecycle true
9 verbose lifecycle sportorg@0.0.1~build:prod: PATH: /usr/share/npm/bin/node-gyp-bin:/home/jim/git/sportorg/node_modules/.bin:/usr/local/sbin:/usr/local/bin:/usr/sbin:/usr/bin:/sbin:/bin:/usr/games:/usr/local/games:/snap/bin
10 verbose lifecycle sportorg@0.0.1~build:prod: CWD: /home/jim/git/sportorg
11 silly lifecycle sportorg@0.0.1~build:prod: Args: [ '-c', 'cd ./sportorg-client && ng build --prod && cd ..' ]
12 info lifecycle sportorg@0.0.1~build:prod: Failed to exec build:prod script
13 verbose stack Error: sportorg@0.0.1 build:prod: `cd ./sportorg-client && ng build --prod && cd ..`
13 verbose stack spawn ENOENT
13 verbose stack     at ChildProcess.<anonymous> (/usr/share/npm/lib/utils/spawn.js:17:16)
13 verbose stack     at emitTwo (events.js:126:13)
13 verbose stack     at ChildProcess.emit (events.js:214:7)
13 verbose stack     at maybeClose (internal/child_process.js:925:16)
13 verbose stack     at Process.ChildProcess._handle.onexit (internal/child_process.js:209:5)
14 verbose pkgid sportorg@0.0.1
15 verbose cwd /home/jim/git/sportorg
16 error Linux 4.15.0-22-generic
17 error argv "/usr/bin/node" "/usr/share/npm/bin/npm-cli.js" "run" "build:prod" "--scripts-prepend-node-path=auto"
18 error node v8.10.0
19 error npm  v3.5.2
20 error file sh
21 error code ELIFECYCLE
22 error errno ENOENT
23 error syscall spawn
24 error sportorg@0.0.1 build:prod: `cd ./sportorg-client && ng build --prod && cd ..`
24 error spawn ENOENT
25 error Failed at the sportorg@0.0.1 build:prod script 'cd ./sportorg-client && ng build --prod && cd ..'.
25 error Make sure you have the latest version of node.js and npm installed.
25 error If you do, this is most likely a problem with the sportorg package,
25 error not with npm itself.
25 error Tell the author that this fails on your system:
25 error     cd ./sportorg-client && ng build --prod && cd ..
25 error You can get information on how to open an issue for this project with:
25 error     npm bugs sportorg
25 error Or if that isn't available, you can get their info via:
25 error     npm owner ls sportorg
25 error There is likely additional logging output above.
26 verbose exit [ 1, true ]
